2020-07-21 19:54:35,292 WARN  [SoapUI] Missing folder [C:\Users\SaileelaKakaraparthi\Desktop\API_CASESTUDY\API-Project\ext] for external libraries
2020-07-21 19:54:35,496 INFO  [DefaultSoapUICore] initialized soapui-settings from [C:\Users\SaileelaKakaraparthi\soapui-settings.xml]
2020-07-21 19:55:00,500 INFO  [PluginManager] Adding plugin from [C:\Users\SaileelaKakaraparthi\.soapuios\plugins\ready-mqtt-plugin-dist.jar]
2020-07-21 19:55:00,501 INFO  [PluginManager] Adding plugin from [C:\Users\SaileelaKakaraparthi\.soapuios\plugins\soapui-swagger-plugin-2.2-dist.jar]
2020-07-21 19:55:01,480 ERROR [SoapUI] An error occurred [com.eviware.soapui.plugins.auto.factories.AutoImportMethodFactory], see error log for details
2020-07-21 19:55:01,484 ERROR [errorlog] java.lang.ClassNotFoundException: com.eviware.soapui.plugins.auto.factories.AutoImportMethodFactory
java.lang.ClassNotFoundException: com.eviware.soapui.plugins.auto.factories.AutoImportMethodFactory
	at org.codehaus.plexus.classworlds.strategy.SelfFirstStrategy.loadClass(SelfFirstStrategy.java:50)
	at org.codehaus.plexus.classworlds.realm.ClassRealm.unsynchronizedLoadClass(ClassRealm.java:271)
	at org.codehaus.plexus.classworlds.realm.ClassRealm.loadClass(ClassRealm.java:247)
	at org.codehaus.plexus.classworlds.realm.ClassRealm.loadClass(ClassRealm.java:239)
	at java.lang.Class.forName0(Native Method)
	at java.lang.Class.forName(Class.java:264)
	at com.eviware.soapui.plugins.LoaderBase.loadAutoFactories(LoaderBase.java:113)
	at com.eviware.soapui.plugins.LoaderBase.loadFactories(LoaderBase.java:80)
	at com.eviware.soapui.plugins.PluginLoader.loadPluginFactories(PluginLoader.java:141)
	at com.eviware.soapui.plugins.PluginLoader.loadPlugin(PluginLoader.java:104)
	at com.eviware.soapui.plugins.PluginLoader.loadPlugin(PluginLoader.java:54)
	at com.eviware.soapui.plugins.PluginManager.doInstallPlugin(PluginManager.java:141)
	at com.eviware.soapui.plugins.PluginManager.access$600(PluginManager.java:43)
	at com.eviware.soapui.plugins.PluginManager$LoadPluginsTask.computeSequentially(PluginManager.java:420)
	at com.eviware.soapui.plugins.PluginManager$LoadPluginsTask.compute(PluginManager.java:377)
	at com.eviware.soapui.plugins.PluginManager$LoadPluginsTask.compute(PluginManager.java:382)
	at com.eviware.soapui.plugins.PluginManager$LoadPluginsTask.compute(PluginManager.java:365)
	at java.util.concurrent.RecursiveTask.exec(RecursiveTask.java:94)
	at java.util.concurrent.ForkJoinTask.doExec(ForkJoinTask.java:289)
	at java.util.concurrent.ForkJoinPool$WorkQueue.runTask(ForkJoinPool.java:1056)
	at java.util.concurrent.ForkJoinPool.runWorker(ForkJoinPool.java:1692)
	at java.util.concurrent.ForkJoinWorkerThread.run(ForkJoinWorkerThread.java:157)
2020-07-21 19:55:01,629 ERROR [SoapUI] An error occurred [com.eviware.soapui.plugins.auto.factories.AutoImportMethodFactory], see error log for details
2020-07-21 19:55:01,636 ERROR [errorlog] java.lang.ClassNotFoundException: com.eviware.soapui.plugins.auto.factories.AutoImportMethodFactory
java.lang.ClassNotFoundException: com.eviware.soapui.plugins.auto.factories.AutoImportMethodFactory
	at org.codehaus.plexus.classworlds.strategy.SelfFirstStrategy.loadClass(SelfFirstStrategy.java:50)
	at org.codehaus.plexus.classworlds.realm.ClassRealm.unsynchronizedLoadClass(ClassRealm.java:271)
	at org.codehaus.plexus.classworlds.realm.ClassRealm.loadClass(ClassRealm.java:247)
	at org.codehaus.plexus.classworlds.realm.ClassRealm.loadClass(ClassRealm.java:239)
	at java.lang.Class.forName0(Native Method)
	at java.lang.Class.forName(Class.java:264)
	at com.eviware.soapui.plugins.LoaderBase.loadAutoFactories(LoaderBase.java:113)
	at com.eviware.soapui.plugins.LoaderBase.loadFactories(LoaderBase.java:80)
	at com.eviware.soapui.plugins.PluginLoader.loadPluginFactories(PluginLoader.java:141)
	at com.eviware.soapui.plugins.PluginLoader.loadPlugin(PluginLoader.java:104)
	at com.eviware.soapui.plugins.PluginLoader.loadPlugin(PluginLoader.java:54)
	at com.eviware.soapui.plugins.PluginManager.doInstallPlugin(PluginManager.java:141)
	at com.eviware.soapui.plugins.PluginManager.access$600(PluginManager.java:43)
	at com.eviware.soapui.plugins.PluginManager$LoadPluginsTask.computeSequentially(PluginManager.java:420)
	at com.eviware.soapui.plugins.PluginManager$LoadPluginsTask.compute(PluginManager.java:377)
	at com.eviware.soapui.plugins.PluginManager$LoadPluginsTask.compute(PluginManager.java:365)
	at java.util.concurrent.RecursiveTask.exec(RecursiveTask.java:94)
	at java.util.concurrent.ForkJoinTask.doExec(ForkJoinTask.java:289)
	at java.util.concurrent.ForkJoinPool$WorkQueue.runTask(ForkJoinPool.java:1056)
	at java.util.concurrent.ForkJoinPool.runWorker(ForkJoinPool.java:1692)
	at java.util.concurrent.ForkJoinWorkerThread.run(ForkJoinWorkerThread.java:157)
2020-07-21 19:55:01,715 ERROR [SoapUI] An error occurred [com.eviware.soapui.plugins.auto.factories.AutoDiscoveryMethodFactory], see error log for details
2020-07-21 19:55:01,716 ERROR [errorlog] java.lang.ClassNotFoundException: com.eviware.soapui.plugins.auto.factories.AutoDiscoveryMethodFactory
java.lang.ClassNotFoundException: com.eviware.soapui.plugins.auto.factories.AutoDiscoveryMethodFactory
	at org.codehaus.plexus.classworlds.strategy.SelfFirstStrategy.loadClass(SelfFirstStrategy.java:50)
	at org.codehaus.plexus.classworlds.realm.ClassRealm.unsynchronizedLoadClass(ClassRealm.java:271)
	at org.codehaus.plexus.classworlds.realm.ClassRealm.loadClass(ClassRealm.java:247)
	at org.codehaus.plexus.classworlds.realm.ClassRealm.loadClass(ClassRealm.java:239)
	at java.lang.Class.forName0(Native Method)
	at java.lang.Class.forName(Class.java:264)
	at com.eviware.soapui.plugins.LoaderBase.loadAutoFactories(LoaderBase.java:113)
	at com.eviware.soapui.plugins.LoaderBase.loadFactories(LoaderBase.java:80)
	at com.eviware.soapui.plugins.PluginLoader.loadPluginFactories(PluginLoader.java:141)
	at com.eviware.soapui.plugins.PluginLoader.loadPlugin(PluginLoader.java:104)
	at com.eviware.soapui.plugins.PluginLoader.loadPlugin(PluginLoader.java:54)
	at com.eviware.soapui.plugins.PluginManager.doInstallPlugin(PluginManager.java:141)
	at com.eviware.soapui.plugins.PluginManager.access$600(PluginManager.java:43)
	at com.eviware.soapui.plugins.PluginManager$LoadPluginsTask.computeSequentially(PluginManager.java:420)
	at com.eviware.soapui.plugins.PluginManager$LoadPluginsTask.compute(PluginManager.java:377)
	at com.eviware.soapui.plugins.PluginManager$LoadPluginsTask.compute(PluginManager.java:382)
	at com.eviware.soapui.plugins.PluginManager$LoadPluginsTask.compute(PluginManager.java:365)
	at java.util.concurrent.RecursiveTask.exec(RecursiveTask.java:94)
	at java.util.concurrent.ForkJoinTask.doExec(ForkJoinTask.java:289)
	at java.util.concurrent.ForkJoinPool$WorkQueue.runTask(ForkJoinPool.java:1056)
	at java.util.concurrent.ForkJoinPool.runWorker(ForkJoinPool.java:1692)
	at java.util.concurrent.ForkJoinWorkerThread.run(ForkJoinWorkerThread.java:157)
2020-07-21 19:55:01,881 ERROR [SoapUI] An error occurred [com.eviware.soapui.plugins.auto.factories.AutoDiscoveryMethodFactory], see error log for details
2020-07-21 19:55:01,881 ERROR [errorlog] java.lang.ClassNotFoundException: com.eviware.soapui.plugins.auto.factories.AutoDiscoveryMethodFactory
java.lang.ClassNotFoundException: com.eviware.soapui.plugins.auto.factories.AutoDiscoveryMethodFactory
	at org.codehaus.plexus.classworlds.strategy.SelfFirstStrategy.loadClass(SelfFirstStrategy.java:50)
	at org.codehaus.plexus.classworlds.realm.ClassRealm.unsynchronizedLoadClass(ClassRealm.java:271)
	at org.codehaus.plexus.classworlds.realm.ClassRealm.loadClass(ClassRealm.java:247)
	at org.codehaus.plexus.classworlds.realm.ClassRealm.loadClass(ClassRealm.java:239)
	at java.lang.Class.forName0(Native Method)
	at java.lang.Class.forName(Class.java:264)
	at com.eviware.soapui.plugins.LoaderBase.loadAutoFactories(LoaderBase.java:113)
	at com.eviware.soapui.plugins.LoaderBase.loadFactories(LoaderBase.java:80)
	at com.eviware.soapui.plugins.PluginLoader.loadPluginFactories(PluginLoader.java:141)
	at com.eviware.soapui.plugins.PluginLoader.loadPlugin(PluginLoader.java:104)
	at com.eviware.soapui.plugins.PluginLoader.loadPlugin(PluginLoader.java:54)
	at com.eviware.soapui.plugins.PluginManager.doInstallPlugin(PluginManager.java:141)
	at com.eviware.soapui.plugins.PluginManager.access$600(PluginManager.java:43)
	at com.eviware.soapui.plugins.PluginManager$LoadPluginsTask.computeSequentially(PluginManager.java:420)
	at com.eviware.soapui.plugins.PluginManager$LoadPluginsTask.compute(PluginManager.java:377)
	at com.eviware.soapui.plugins.PluginManager$LoadPluginsTask.compute(PluginManager.java:365)
	at java.util.concurrent.RecursiveTask.exec(RecursiveTask.java:94)
	at java.util.concurrent.ForkJoinTask.doExec(ForkJoinTask.java:289)
	at java.util.concurrent.ForkJoinPool$WorkQueue.runTask(ForkJoinPool.java:1056)
	at java.util.concurrent.ForkJoinPool.runWorker(ForkJoinPool.java:1692)
	at java.util.concurrent.ForkJoinWorkerThread.run(ForkJoinWorkerThread.java:157)
2020-07-21 19:55:02,069 INFO  [PluginManager] Adding plugin from [C:\Users\SaileelaKakaraparthi\.soapuios\plugins\ready-uxm-plugin-1.0.1-dist.jar]
2020-07-21 19:55:02,255 INFO  [PluginManager] Adding plugin from [C:\Users\SaileelaKakaraparthi\.soapuios\plugins\readyapi-postman-1.0.1.jar]
2020-07-21 19:55:02,881 ERROR [SoapUI] An error occurred [com.eviware.soapui.plugins.auto.factories.AutoImportMethodFactory], see error log for details
2020-07-21 19:55:02,883 ERROR [errorlog] java.lang.ClassNotFoundException: com.eviware.soapui.plugins.auto.factories.AutoImportMethodFactory
java.lang.ClassNotFoundException: com.eviware.soapui.plugins.auto.factories.AutoImportMethodFactory
	at org.codehaus.plexus.classworlds.strategy.SelfFirstStrategy.loadClass(SelfFirstStrategy.java:50)
	at org.codehaus.plexus.classworlds.realm.ClassRealm.unsynchronizedLoadClass(ClassRealm.java:271)
	at org.codehaus.plexus.classworlds.realm.ClassRealm.loadClass(ClassRealm.java:247)
	at org.codehaus.plexus.classworlds.realm.ClassRealm.loadClass(ClassRealm.java:239)
	at java.lang.Class.forName0(Native Method)
	at java.lang.Class.forName(Class.java:264)
	at com.eviware.soapui.plugins.LoaderBase.loadAutoFactories(LoaderBase.java:113)
	at com.eviware.soapui.plugins.LoaderBase.loadFactories(LoaderBase.java:80)
	at com.eviware.soapui.plugins.PluginLoader.loadPluginFactories(PluginLoader.java:141)
	at com.eviware.soapui.plugins.PluginLoader.loadPlugin(PluginLoader.java:104)
	at com.eviware.soapui.plugins.PluginLoader.loadPlugin(PluginLoader.java:54)
	at com.eviware.soapui.plugins.PluginManager.doInstallPlugin(PluginManager.java:141)
	at com.eviware.soapui.plugins.PluginManager.access$600(PluginManager.java:43)
	at com.eviware.soapui.plugins.PluginManager$LoadPluginsTask.computeSequentially(PluginManager.java:420)
	at com.eviware.soapui.plugins.PluginManager$LoadPluginsTask.compute(PluginManager.java:377)
	at com.eviware.soapui.plugins.PluginManager$LoadPluginsTask.compute(PluginManager.java:382)
	at com.eviware.soapui.plugins.PluginManager$LoadPluginsTask.compute(PluginManager.java:365)
	at java.util.concurrent.RecursiveTask.exec(RecursiveTask.java:94)
	at java.util.concurrent.ForkJoinTask.doExec(ForkJoinTask.java:289)
	at java.util.concurrent.ForkJoinPool$WorkQueue.runTask(ForkJoinPool.java:1056)
	at java.util.concurrent.ForkJoinPool.runWorker(ForkJoinPool.java:1692)
	at java.util.concurrent.ForkJoinWorkerThread.run(ForkJoinWorkerThread.java:157)
2020-07-21 19:55:02,883 ERROR [SoapUI] An error occurred [com.eviware.soapui.plugins.auto.factories.AutoImportMethodFactory], see error log for details
2020-07-21 19:55:02,884 ERROR [errorlog] java.lang.ClassNotFoundException: com.eviware.soapui.plugins.auto.factories.AutoImportMethodFactory
java.lang.ClassNotFoundException: com.eviware.soapui.plugins.auto.factories.AutoImportMethodFactory
	at org.codehaus.plexus.classworlds.strategy.SelfFirstStrategy.loadClass(SelfFirstStrategy.java:50)
	at org.codehaus.plexus.classworlds.realm.ClassRealm.unsynchronizedLoadClass(ClassRealm.java:271)
	at org.codehaus.plexus.classworlds.realm.ClassRealm.loadClass(ClassRealm.java:247)
	at org.codehaus.plexus.classworlds.realm.ClassRealm.loadClass(ClassRealm.java:239)
	at java.lang.Class.forName0(Native Method)
	at java.lang.Class.forName(Class.java:264)
	at com.eviware.soapui.plugins.LoaderBase.loadAutoFactories(LoaderBase.java:113)
	at com.eviware.soapui.plugins.LoaderBase.loadFactories(LoaderBase.java:80)
	at com.eviware.soapui.plugins.PluginLoader.loadPluginFactories(PluginLoader.java:141)
	at com.eviware.soapui.plugins.PluginLoader.loadPlugin(PluginLoader.java:104)
	at com.eviware.soapui.plugins.PluginLoader.loadPlugin(PluginLoader.java:54)
	at com.eviware.soapui.plugins.PluginManager.doInstallPlugin(PluginManager.java:141)
	at com.eviware.soapui.plugins.PluginManager.access$600(PluginManager.java:43)
	at com.eviware.soapui.plugins.PluginManager$LoadPluginsTask.computeSequentially(PluginManager.java:420)
	at com.eviware.soapui.plugins.PluginManager$LoadPluginsTask.compute(PluginManager.java:377)
	at com.eviware.soapui.plugins.PluginManager$LoadPluginsTask.compute(PluginManager.java:365)
	at java.util.concurrent.RecursiveTask.exec(RecursiveTask.java:94)
	at java.util.concurrent.ForkJoinTask.doExec(ForkJoinTask.java:289)
	at java.util.concurrent.ForkJoinPool$WorkQueue.runTask(ForkJoinPool.java:1056)
	at java.util.concurrent.ForkJoinPool.runWorker(ForkJoinPool.java:1692)
	at java.util.concurrent.ForkJoinWorkerThread.run(ForkJoinWorkerThread.java:157)
2020-07-21 19:55:03,073 ERROR [SoapUI] An error occurred [com.eviware.soapui.plugins.auto.factories.AutoDiscoveryMethodFactory], see error log for details
2020-07-21 19:55:03,079 ERROR [errorlog] java.lang.ClassNotFoundException: com.eviware.soapui.plugins.auto.factories.AutoDiscoveryMethodFactory
java.lang.ClassNotFoundException: com.eviware.soapui.plugins.auto.factories.AutoDiscoveryMethodFactory
	at org.codehaus.plexus.classworlds.strategy.SelfFirstStrategy.loadClass(SelfFirstStrategy.java:50)
	at org.codehaus.plexus.classworlds.realm.ClassRealm.unsynchronizedLoadClass(ClassRealm.java:271)
	at org.codehaus.plexus.classworlds.realm.ClassRealm.loadClass(ClassRealm.java:247)
	at org.codehaus.plexus.classworlds.realm.ClassRealm.loadClass(ClassRealm.java:239)
	at java.lang.Class.forName0(Native Method)
	at java.lang.Class.forName(Class.java:264)
	at com.eviware.soapui.plugins.LoaderBase.loadAutoFactories(LoaderBase.java:113)
	at com.eviware.soapui.plugins.LoaderBase.loadFactories(LoaderBase.java:80)
	at com.eviware.soapui.plugins.PluginLoader.loadPluginFactories(PluginLoader.java:141)
	at com.eviware.soapui.plugins.PluginLoader.loadPlugin(PluginLoader.java:104)
	at com.eviware.soapui.plugins.PluginLoader.loadPlugin(PluginLoader.java:54)
	at com.eviware.soapui.plugins.PluginManager.doInstallPlugin(PluginManager.java:141)
	at com.eviware.soapui.plugins.PluginManager.access$600(PluginManager.java:43)
	at com.eviware.soapui.plugins.PluginManager$LoadPluginsTask.computeSequentially(PluginManager.java:420)
	at com.eviware.soapui.plugins.PluginManager$LoadPluginsTask.compute(PluginManager.java:377)
	at com.eviware.soapui.plugins.PluginManager$LoadPluginsTask.compute(PluginManager.java:382)
	at com.eviware.soapui.plugins.PluginManager$LoadPluginsTask.compute(PluginManager.java:365)
	at java.util.concurrent.RecursiveTask.exec(RecursiveTask.java:94)
	at java.util.concurrent.ForkJoinTask.doExec(ForkJoinTask.java:289)
	at java.util.concurrent.ForkJoinPool$WorkQueue.runTask(ForkJoinPool.java:1056)
	at java.util.concurrent.ForkJoinPool.runWorker(ForkJoinPool.java:1692)
	at java.util.concurrent.ForkJoinWorkerThread.run(ForkJoinWorkerThread.java:157)
2020-07-21 19:55:03,271 ERROR [SoapUI] An error occurred [com.eviware.soapui.plugins.auto.factories.AutoDiscoveryMethodFactory], see error log for details
2020-07-21 19:55:03,271 ERROR [errorlog] java.lang.ClassNotFoundException: com.eviware.soapui.plugins.auto.factories.AutoDiscoveryMethodFactory
java.lang.ClassNotFoundException: com.eviware.soapui.plugins.auto.factories.AutoDiscoveryMethodFactory
	at org.codehaus.plexus.classworlds.strategy.SelfFirstStrategy.loadClass(SelfFirstStrategy.java:50)
	at org.codehaus.plexus.classworlds.realm.ClassRealm.unsynchronizedLoadClass(ClassRealm.java:271)
	at org.codehaus.plexus.classworlds.realm.ClassRealm.loadClass(ClassRealm.java:247)
	at org.codehaus.plexus.classworlds.realm.ClassRealm.loadClass(ClassRealm.java:239)
	at java.lang.Class.forName0(Native Method)
	at java.lang.Class.forName(Class.java:264)
	at com.eviware.soapui.plugins.LoaderBase.loadAutoFactories(LoaderBase.java:113)
	at com.eviware.soapui.plugins.LoaderBase.loadFactories(LoaderBase.java:80)
	at com.eviware.soapui.plugins.PluginLoader.loadPluginFactories(PluginLoader.java:141)
	at com.eviware.soapui.plugins.PluginLoader.loadPlugin(PluginLoader.java:104)
	at com.eviware.soapui.plugins.PluginLoader.loadPlugin(PluginLoader.java:54)
	at com.eviware.soapui.plugins.PluginManager.doInstallPlugin(PluginManager.java:141)
	at com.eviware.soapui.plugins.PluginManager.access$600(PluginManager.java:43)
	at com.eviware.soapui.plugins.PluginManager$LoadPluginsTask.computeSequentially(PluginManager.java:420)
	at com.eviware.soapui.plugins.PluginManager$LoadPluginsTask.compute(PluginManager.java:377)
	at com.eviware.soapui.plugins.PluginManager$LoadPluginsTask.compute(PluginManager.java:365)
	at java.util.concurrent.RecursiveTask.exec(RecursiveTask.java:94)
	at java.util.concurrent.ForkJoinTask.doExec(ForkJoinTask.java:289)
	at java.util.concurrent.ForkJoinPool$WorkQueue.runTask(ForkJoinPool.java:1056)
	at java.util.concurrent.ForkJoinPool.runWorker(ForkJoinPool.java:1692)
	at java.util.concurrent.ForkJoinWorkerThread.run(ForkJoinWorkerThread.java:157)
2020-07-21 19:55:03,486 INFO  [PluginManager] Adding plugin from [C:\Users\SaileelaKakaraparthi\.soapuios\plugins\readyapi-swaggerhub-plugin-1.0.jar]
2020-07-21 19:55:03,840 ERROR [SoapUI] An error occurred [com.eviware.soapui.plugins.auto.factories.AutoImportMethodFactory], see error log for details
2020-07-21 19:55:03,840 ERROR [errorlog] java.lang.ClassNotFoundException: com.eviware.soapui.plugins.auto.factories.AutoImportMethodFactory
java.lang.ClassNotFoundException: com.eviware.soapui.plugins.auto.factories.AutoImportMethodFactory
	at org.codehaus.plexus.classworlds.strategy.SelfFirstStrategy.loadClass(SelfFirstStrategy.java:50)
	at org.codehaus.plexus.classworlds.realm.ClassRealm.unsynchronizedLoadClass(ClassRealm.java:271)
	at org.codehaus.plexus.classworlds.realm.ClassRealm.loadClass(ClassRealm.java:247)
	at org.codehaus.plexus.classworlds.realm.ClassRealm.loadClass(ClassRealm.java:239)
	at java.lang.Class.forName0(Native Method)
	at java.lang.Class.forName(Class.java:264)
	at com.eviware.soapui.plugins.LoaderBase.loadAutoFactories(LoaderBase.java:113)
	at com.eviware.soapui.plugins.LoaderBase.loadFactories(LoaderBase.java:80)
	at com.eviware.soapui.plugins.PluginLoader.loadPluginFactories(PluginLoader.java:141)
	at com.eviware.soapui.plugins.PluginLoader.loadPlugin(PluginLoader.java:104)
	at com.eviware.soapui.plugins.PluginLoader.loadPlugin(PluginLoader.java:54)
	at com.eviware.soapui.plugins.PluginManager.doInstallPlugin(PluginManager.java:141)
	at com.eviware.soapui.plugins.PluginManager.access$600(PluginManager.java:43)
	at com.eviware.soapui.plugins.PluginManager$LoadPluginsTask.computeSequentially(PluginManager.java:420)
	at com.eviware.soapui.plugins.PluginManager$LoadPluginsTask.compute(PluginManager.java:377)
	at com.eviware.soapui.plugins.PluginManager$LoadPluginsTask.compute(PluginManager.java:382)
	at com.eviware.soapui.plugins.PluginManager$LoadPluginsTask.compute(PluginManager.java:365)
	at java.util.concurrent.RecursiveTask.exec(RecursiveTask.java:94)
	at java.util.concurrent.ForkJoinTask.doExec(ForkJoinTask.java:289)
	at java.util.concurrent.ForkJoinPool$WorkQueue.runTask(ForkJoinPool.java:1056)
	at java.util.concurrent.ForkJoinPool.runWorker(ForkJoinPool.java:1692)
	at java.util.concurrent.ForkJoinWorkerThread.run(ForkJoinWorkerThread.java:157)
2020-07-21 19:55:04,057 ERROR [SoapUI] An error occurred [com.eviware.soapui.plugins.auto.factories.AutoDiscoveryMethodFactory], see error log for details
2020-07-21 19:55:04,069 ERROR [errorlog] java.lang.ClassNotFoundException: com.eviware.soapui.plugins.auto.factories.AutoDiscoveryMethodFactory
java.lang.ClassNotFoundException: com.eviware.soapui.plugins.auto.factories.AutoDiscoveryMethodFactory
	at org.codehaus.plexus.classworlds.strategy.SelfFirstStrategy.loadClass(SelfFirstStrategy.java:50)
	at org.codehaus.plexus.classworlds.realm.ClassRealm.unsynchronizedLoadClass(ClassRealm.java:271)
	at org.codehaus.plexus.classworlds.realm.ClassRealm.loadClass(ClassRealm.java:247)
	at org.codehaus.plexus.classworlds.realm.ClassRealm.loadClass(ClassRealm.java:239)
	at java.lang.Class.forName0(Native Method)
	at java.lang.Class.forName(Class.java:264)
	at com.eviware.soapui.plugins.LoaderBase.loadAutoFactories(LoaderBase.java:113)
	at com.eviware.soapui.plugins.LoaderBase.loadFactories(LoaderBase.java:80)
	at com.eviware.soapui.plugins.PluginLoader.loadPluginFactories(PluginLoader.java:141)
	at com.eviware.soapui.plugins.PluginLoader.loadPlugin(PluginLoader.java:104)
	at com.eviware.soapui.plugins.PluginLoader.loadPlugin(PluginLoader.java:54)
	at com.eviware.soapui.plugins.PluginManager.doInstallPlugin(PluginManager.java:141)
	at com.eviware.soapui.plugins.PluginManager.access$600(PluginManager.java:43)
	at com.eviware.soapui.plugins.PluginManager$LoadPluginsTask.computeSequentially(PluginManager.java:420)
	at com.eviware.soapui.plugins.PluginManager$LoadPluginsTask.compute(PluginManager.java:377)
	at com.eviware.soapui.plugins.PluginManager$LoadPluginsTask.compute(PluginManager.java:382)
	at com.eviware.soapui.plugins.PluginManager$LoadPluginsTask.compute(PluginManager.java:365)
	at java.util.concurrent.RecursiveTask.exec(RecursiveTask.java:94)
	at java.util.concurrent.ForkJoinTask.doExec(ForkJoinTask.java:289)
	at java.util.concurrent.ForkJoinPool$WorkQueue.runTask(ForkJoinPool.java:1056)
	at java.util.concurrent.ForkJoinPool.runWorker(ForkJoinPool.java:1692)
	at java.util.concurrent.ForkJoinWorkerThread.run(ForkJoinWorkerThread.java:157)
2020-07-21 19:55:04,397 INFO  [PluginManager] 5 plugins loaded in 3900 ms
2020-07-21 19:55:04,398 INFO  [DefaultSoapUICore] All plugins loaded
2020-07-21 19:55:05,595 INFO  [WsdlProject] Loaded project from [file:/C:/Users/SaileelaKakaraparthi/Desktop/API_CASESTUDY/API-Project/customerCustomerRepositoryV1-soapui-project.xml]
2020-07-21 19:55:05,601 INFO  [SoapUITestCaseRunner] Running SoapUI tests in project [customerCustomerRepositoryV1]
2020-07-21 19:55:05,604 INFO  [SoapUITestCaseRunner] Running Project [customerCustomerRepositoryV1], runType = SEQUENTIAL
2020-07-21 19:55:05,615 INFO  [SoapUITestCaseRunner] Running SoapUI testcase [E2E With Properties And Property Expansion]
2020-07-21 19:55:05,642 INFO  [SoapUITestCaseRunner] running step [Properties]
2020-07-21 19:55:05,693 INFO  [SoapUITestCaseRunner] running step [Save]
2020-07-21 19:55:07,986 INFO  [SoapUITestCaseRunner] Assertion [SOAP Response] has status VALID
2020-07-21 19:55:07,986 INFO  [SoapUITestCaseRunner] Assertion [Not SOAP Fault] has status VALID
2020-07-21 19:55:07,989 INFO  [SoapUITestCaseRunner] Assertion [Script Assertion] has status VALID
2020-07-21 19:55:07,997 INFO  [SoapUITestCaseRunner] running step [GetList]
2020-07-21 19:55:16,154 INFO  [SoapUITestCaseRunner] Assertion [SOAP Response] has status VALID
2020-07-21 19:55:16,154 INFO  [SoapUITestCaseRunner] Assertion [Not SOAP Fault] has status VALID
2020-07-21 19:55:16,156 INFO  [SoapUITestCaseRunner] running step [GetById]
2020-07-21 19:55:16,815 INFO  [SoapUITestCaseRunner] Assertion [SOAP Response] has status VALID
2020-07-21 19:55:16,815 INFO  [SoapUITestCaseRunner] Assertion [Not SOAP Fault] has status VALID
2020-07-21 19:55:16,816 INFO  [SoapUITestCaseRunner] running step [DeleteById]
2020-07-21 19:55:17,771 INFO  [SoapUITestCaseRunner] Assertion [SOAP Response] has status VALID
2020-07-21 19:55:17,772 INFO  [SoapUITestCaseRunner] Assertion [Not SOAP Fault] has status VALID
2020-07-21 19:55:17,772 INFO  [SoapUITestCaseRunner] Assertion [XPath Match] has status VALID
2020-07-21 19:55:17,783 INFO  [SoapUITestCaseRunner] Finished running SoapUI testcase [E2E With Properties And Property Expansion], time taken: 12090ms, status: FINISHED
2020-07-21 19:55:17,791 INFO  [SoapUITestCaseRunner] Running SoapUI testcase [E2E With DataDriven]
2020-07-21 19:55:17,792 INFO  [SoapUITestCaseRunner] running step [DataDriven Script]
2020-07-21 19:55:18,249 INFO  [log] srikanth@gmail.com
2020-07-21 19:55:18,271 INFO  [log] Number of rows in excel : 2
2020-07-21 19:55:18,272 INFO  [log] Number of columns in excel : 3
2020-07-21 19:55:18,325 INFO  [log] email is saileela@gmail.com
2020-07-21 19:55:18,326 INFO  [log] firstname is sai
2020-07-21 19:55:18,330 INFO  [log] lastname is leela
2020-07-21 19:55:18,339 INFO  [SoapUITestCaseRunner] Running SoapUI testcase [E2E With Properties And Property Expansion]
2020-07-21 19:55:18,342 INFO  [SoapUITestCaseRunner] running step [Properties]
2020-07-21 19:55:18,344 INFO  [SoapUITestCaseRunner] running step [Save]
2020-07-21 19:55:19,309 INFO  [SoapUITestCaseRunner] Assertion [SOAP Response] has status VALID
2020-07-21 19:55:19,309 INFO  [SoapUITestCaseRunner] Assertion [Not SOAP Fault] has status VALID
2020-07-21 19:55:19,310 INFO  [SoapUITestCaseRunner] Assertion [Script Assertion] has status VALID
2020-07-21 19:55:19,317 INFO  [SoapUITestCaseRunner] running step [GetList]
2020-07-21 19:55:25,246 INFO  [SoapUITestCaseRunner] Assertion [SOAP Response] has status VALID
2020-07-21 19:55:25,246 INFO  [SoapUITestCaseRunner] Assertion [Not SOAP Fault] has status VALID
2020-07-21 19:55:25,250 INFO  [SoapUITestCaseRunner] running step [GetById]
2020-07-21 19:55:26,002 INFO  [SoapUITestCaseRunner] Assertion [SOAP Response] has status VALID
2020-07-21 19:55:26,004 INFO  [SoapUITestCaseRunner] Assertion [Not SOAP Fault] has status VALID
2020-07-21 19:55:26,012 INFO  [SoapUITestCaseRunner] running step [DeleteById]
2020-07-21 19:55:27,015 INFO  [SoapUITestCaseRunner] Assertion [SOAP Response] has status VALID
2020-07-21 19:55:27,017 INFO  [SoapUITestCaseRunner] Assertion [Not SOAP Fault] has status VALID
2020-07-21 19:55:27,018 INFO  [SoapUITestCaseRunner] Assertion [XPath Match] has status VALID
2020-07-21 19:55:27,025 INFO  [SoapUITestCaseRunner] Finished running SoapUI testcase [E2E With Properties And Property Expansion], time taken: 8632ms, status: FINISHED
2020-07-21 19:55:27,045 INFO  [log] Number of steps executed are 5
2020-07-21 19:55:27,046 INFO  [log] email is srikanth@gmail.com
2020-07-21 19:55:27,046 INFO  [log] firstname is sri
2020-07-21 19:55:27,054 INFO  [log] lastname is kanth
2020-07-21 19:55:27,061 INFO  [SoapUITestCaseRunner] Running SoapUI testcase [E2E With Properties And Property Expansion]
2020-07-21 19:55:27,069 INFO  [SoapUITestCaseRunner] running step [Properties]
2020-07-21 19:55:27,071 INFO  [SoapUITestCaseRunner] running step [Save]
2020-07-21 19:55:27,979 INFO  [SoapUITestCaseRunner] Assertion [SOAP Response] has status VALID
2020-07-21 19:55:27,980 INFO  [SoapUITestCaseRunner] Assertion [Not SOAP Fault] has status VALID
2020-07-21 19:55:27,980 INFO  [SoapUITestCaseRunner] Assertion [Script Assertion] has status VALID
2020-07-21 19:55:27,981 INFO  [SoapUITestCaseRunner] running step [GetList]
2020-07-21 19:55:38,921 INFO  [SoapUITestCaseRunner] Assertion [SOAP Response] has status VALID
2020-07-21 19:55:38,921 INFO  [SoapUITestCaseRunner] Assertion [Not SOAP Fault] has status VALID
2020-07-21 19:55:38,923 INFO  [SoapUITestCaseRunner] running step [GetById]
2020-07-21 19:55:39,668 INFO  [SoapUITestCaseRunner] Assertion [SOAP Response] has status VALID
2020-07-21 19:55:39,670 INFO  [SoapUITestCaseRunner] Assertion [Not SOAP Fault] has status VALID
2020-07-21 19:55:39,677 INFO  [SoapUITestCaseRunner] running step [DeleteById]
2020-07-21 19:55:40,685 INFO  [SoapUITestCaseRunner] Assertion [SOAP Response] has status VALID
2020-07-21 19:55:40,687 INFO  [SoapUITestCaseRunner] Assertion [Not SOAP Fault] has status VALID
2020-07-21 19:55:40,692 INFO  [SoapUITestCaseRunner] Assertion [XPath Match] has status VALID
2020-07-21 19:55:40,700 INFO  [SoapUITestCaseRunner] Finished running SoapUI testcase [E2E With Properties And Property Expansion], time taken: 13576ms, status: FINISHED
2020-07-21 19:55:40,705 INFO  [log] Number of steps executed are 5
2020-07-21 19:55:40,706 INFO  [SoapUITestCaseRunner] Finished running SoapUI testcase [E2E With DataDriven], time taken: 22910ms, status: FINISHED
2020-07-21 19:55:40,728 INFO  [SoapUITestCaseRunner] Running SoapUI testcase [E2E With Database Testing]
2020-07-21 19:55:40,734 INFO  [SoapUITestCaseRunner] running step [JDBC Request]
2020-07-21 19:55:40,973 INFO  [SoapUITestCaseRunner] running step [Get Count]
2020-07-21 19:55:40,985 INFO  [SoapUITestCaseRunner] running step [Script]
2020-07-21 19:55:41,014 INFO  [log] <Results>
    <ResultSet fetchSize="0">
        <Row rowNumber="1">
            <COUNT>2</COUNT>
        </Row>
    </ResultSet>
</Results>

2020-07-21 19:55:41,051 INFO  [log] count is 2
2020-07-21 19:55:41,057 INFO  [log] i value is 1
2020-07-21 19:55:41,072 INFO  [log] email is saileela@gmail.com
2020-07-21 19:55:41,073 INFO  [log] firstname is sai
2020-07-21 19:55:41,081 INFO  [log] lastname is leela
2020-07-21 19:55:41,085 INFO  [SoapUITestCaseRunner] Running SoapUI testcase [E2E With Properties And Property Expansion]
2020-07-21 19:55:41,093 INFO  [SoapUITestCaseRunner] running step [Properties]
2020-07-21 19:55:41,104 INFO  [SoapUITestCaseRunner] running step [Save]
2020-07-21 19:55:42,034 INFO  [SoapUITestCaseRunner] Assertion [SOAP Response] has status VALID
2020-07-21 19:55:42,034 INFO  [SoapUITestCaseRunner] Assertion [Not SOAP Fault] has status VALID
2020-07-21 19:55:42,039 INFO  [SoapUITestCaseRunner] Assertion [Script Assertion] has status VALID
2020-07-21 19:55:42,046 INFO  [SoapUITestCaseRunner] running step [GetList]
2020-07-21 19:55:52,648 INFO  [SoapUITestCaseRunner] Assertion [SOAP Response] has status VALID
2020-07-21 19:55:52,648 INFO  [SoapUITestCaseRunner] Assertion [Not SOAP Fault] has status VALID
2020-07-21 19:55:52,652 INFO  [SoapUITestCaseRunner] running step [GetById]
2020-07-21 19:55:53,696 INFO  [SoapUITestCaseRunner] Assertion [SOAP Response] has status VALID
2020-07-21 19:55:53,706 INFO  [SoapUITestCaseRunner] Assertion [Not SOAP Fault] has status VALID
2020-07-21 19:55:53,708 INFO  [SoapUITestCaseRunner] running step [DeleteById]
2020-07-21 19:55:54,549 INFO  [SoapUITestCaseRunner] Assertion [SOAP Response] has status VALID
2020-07-21 19:55:54,549 INFO  [SoapUITestCaseRunner] Assertion [Not SOAP Fault] has status VALID
2020-07-21 19:55:54,550 INFO  [SoapUITestCaseRunner] Assertion [XPath Match] has status VALID
2020-07-21 19:55:54,551 INFO  [SoapUITestCaseRunner] Finished running SoapUI testcase [E2E With Properties And Property Expansion], time taken: 13398ms, status: FINISHED
2020-07-21 19:55:54,558 INFO  [log] Number of steps executed are 5
2020-07-21 19:55:54,563 INFO  [log] i value is 2
2020-07-21 19:55:54,590 INFO  [log] email is srikanth@gmail.com
2020-07-21 19:55:54,591 INFO  [log] firstname is sri
2020-07-21 19:55:54,593 INFO  [log] lastname is kanth
2020-07-21 19:55:54,596 INFO  [SoapUITestCaseRunner] Running SoapUI testcase [E2E With Properties And Property Expansion]
2020-07-21 19:55:54,600 INFO  [SoapUITestCaseRunner] running step [Properties]
2020-07-21 19:55:54,601 INFO  [SoapUITestCaseRunner] running step [Save]
2020-07-21 19:55:55,440 INFO  [SoapUITestCaseRunner] Assertion [SOAP Response] has status VALID
2020-07-21 19:55:55,440 INFO  [SoapUITestCaseRunner] Assertion [Not SOAP Fault] has status VALID
2020-07-21 19:55:55,444 INFO  [SoapUITestCaseRunner] Assertion [Script Assertion] has status VALID
2020-07-21 19:55:55,453 INFO  [SoapUITestCaseRunner] running step [GetList]
2020-07-21 19:56:02,227 INFO  [SoapUITestCaseRunner] Assertion [SOAP Response] has status VALID
2020-07-21 19:56:02,228 INFO  [SoapUITestCaseRunner] Assertion [Not SOAP Fault] has status VALID
2020-07-21 19:56:02,231 INFO  [SoapUITestCaseRunner] running step [GetById]
2020-07-21 19:56:03,016 INFO  [SoapUITestCaseRunner] Assertion [SOAP Response] has status VALID
2020-07-21 19:56:03,021 INFO  [SoapUITestCaseRunner] Assertion [Not SOAP Fault] has status VALID
2020-07-21 19:56:03,023 INFO  [SoapUITestCaseRunner] running step [DeleteById]
2020-07-21 19:56:04,238 INFO  [SoapUITestCaseRunner] Assertion [SOAP Response] has status VALID
2020-07-21 19:56:04,243 INFO  [SoapUITestCaseRunner] Assertion [Not SOAP Fault] has status VALID
2020-07-21 19:56:04,251 INFO  [SoapUITestCaseRunner] Assertion [XPath Match] has status VALID
2020-07-21 19:56:04,259 INFO  [SoapUITestCaseRunner] Finished running SoapUI testcase [E2E With Properties And Property Expansion], time taken: 9586ms, status: FINISHED
2020-07-21 19:56:04,279 INFO  [log] Number of steps executed are 5
2020-07-21 19:56:04,292 INFO  [SoapUITestCaseRunner] running step [Copy of Script]
2020-07-21 19:56:04,338 INFO  [log] <Results>
    <ResultSet fetchSize="0">
        <Row rowNumber="1">
            <COUNT>2</COUNT>
        </Row>
    </ResultSet>
</Results>

2020-07-21 19:56:04,372 INFO  [log] count is 2
2020-07-21 19:56:04,379 INFO  [log] hi 1
2020-07-21 19:56:04,381 INFO  [log] hi 2
2020-07-21 19:56:04,391 INFO  [SoapUITestCaseRunner] Finished running SoapUI testcase [E2E With Database Testing], time taken: 23642ms, status: FINISHED
2020-07-21 19:56:04,395 INFO  [SoapUITestCaseRunner] Project [customerCustomerRepositoryV1] finished with status [FINISHED] in 58788ms
2020-07-21 19:56:07,204 WARN  [Tools] Could not delete temporary directory C:\Users\SAILEE~1\AppData\Local\Temp\698ab348-209a-471e-ac61-b3b1b1a80f10
2020-07-21 19:56:07,213 WARN  [Tools] Could not delete temporary directory C:\Users\SAILEE~1\AppData\Local\Temp\93fd971e-c65d-431b-993b-c1419fe6ddcb
